Using pre-set license
Built from '2020.2/release' branch; Version is '2020.2.1f1 (270dd8c3da1c) revision 2559448'; Using compiler version '192528614'; Build Type 'Release'
OS: 'Windows 10  (10.0.0) 64bit' Language: 'ko' Physical Memory: 32717 MB
BatchMode: 1, IsHumanControllingUs: 0, StartBugReporterOnCrash: 0, Is64bit: 1, IsPro: 0

 COMMAND LINE ARGUMENTS:
C:\Program Files\Unity\Hub\Editor\2020.2.1f1\Editor\Unity.exe
-adb2
-batchMode
-noUpm
-name
AssetImportWorker0
-projectPath
C:/Users/js774/Desktop/Private_Files/HanYangUniv/3Grade_1Semester/VirtualInterfaceDesign/VIDProj_v2
-logFile
Logs/AssetImportWorker0.log
-srvPort
1236
Successfully changed project path to: C:/Users/js774/Desktop/Private_Files/HanYangUniv/3Grade_1Semester/VirtualInterfaceDesign/VIDProj_v2
C:/Users/js774/Desktop/Private_Files/HanYangUniv/3Grade_1Semester/VirtualInterfaceDesign/VIDProj_v2
Using Asset Import Pipeline V2.
Refreshing native plugins compatible for Editor in 33.94 ms, found 0 plugins.
Preloading 0 native plugins for Editor in 0.00 ms.
Initialize engine version: 2020.2.1f1 (270dd8c3da1c)
[Subsystems] Discovering subsystems at path C:/Program Files/Unity/Hub/Editor/2020.2.1f1/Editor/Data/Resources/UnitySubsystems
[Subsystems] Discovering subsystems at path C:/Users/js774/Desktop/Private_Files/HanYangUniv/3Grade_1Semester/VirtualInterfaceDesign/VIDProj_v2/Assets
GfxDevice: creating device client; threaded=0
Direct3D:
    Version:  Direct3D 11.0 [level 11.1]
    Renderer: NVIDIA GeForce RTX 2070 SUPER (ID=0x1e84)
    Vendor:   
    VRAM:     8011 MB
    Driver:   27.21.14.6611
Initialize mono
Mono path[0] = 'C:/Program Files/Unity/Hub/Editor/2020.2.1f1/Editor/Data/Managed'
Mono path[1] = 'C:/Program Files/Unity/Hub/Editor/2020.2.1f1/Editor/Data/MonoBleedingEdge/lib/mono/unityjit'
Mono config path = 'C:/Program Files/Unity/Hub/Editor/2020.2.1f1/Editor/Data/MonoBleedingEdge/etc'
Using monoOptions --debugger-agent=transport=dt_socket,embedding=1,server=y,suspend=n,address=127.0.0.1:56296
Begin MonoManager ReloadAssembly
Registering precompiled unity dll's ...
Register platform support module: C:/Program Files/Unity/Hub/Editor/2020.2.1f1/Editor/Data/PlaybackEngines/WindowsStandaloneSupport/UnityEditor.WindowsStandalone.Extensions.dll
Registered in 0.003011 seconds.
Native extension for WindowsStandalone target not found
Refreshing native plugins compatible for Editor in 25.64 ms, found 0 plugins.
Preloading 0 native plugins for Editor in 0.00 ms.
Invoked RoslynAnalysisRunner static constructor.
RoslynAnalysisRunner will not be running.
RoslynAnalysisRunner has terminated.
Mono: successfully reloaded assembly
- Completed reload, in  2.701 seconds
Platform modules already initialized, skipping
Registering precompiled user dll's ...
Registered in 0.001456 seconds.
Begin MonoManager ReloadAssembly
Native extension for WindowsStandalone target not found
Refreshing native plugins compatible for Editor in 25.58 ms, found 0 plugins.
Preloading 0 native plugins for Editor in 0.00 ms.
Invoked RoslynAnalysisRunner static constructor.
RoslynAnalysisRunner will not be running.
RoslynAnalysisRunner has terminated.
Mono: successfully reloaded assembly
- Completed reload, in  1.244 seconds
Platform modules already initialized, skipping
========================================================================
Worker process is ready to serve import requests
Launched and connected shader compiler UnityShaderCompiler.exe after 0.04 seconds
Refreshing native plugins compatible for Editor in 0.36 ms, found 0 plugins.
Preloading 0 native plugins for Editor in 0.00 ms.
Unloading 1495 Unused Serialized files (Serialized files now loaded: 0)
System memory in use before: 69.0 MB.
System memory in use after: 69.0 MB.

Unloading 13 unused Assets to reduce memory usage. Loaded Objects now: 1939.
Total: 1.742700 ms (FindLiveObjects: 0.167700 ms CreateObjectMapping: 0.033800 ms MarkObjects: 1.465000 ms  DeleteObjects: 0.075400 ms)

========================================================================
Received Import Request.
  path: Assets/Scripts/SpawnScript.cs
  artifactKey: Guid(2c2868961fbc3f2448cf7aa616c291cf) Importer(815301076,1909f56bfc062723c751e8b465ee728b)
Start importing Assets/Scripts/SpawnScript.cs using Guid(2c2868961fbc3f2448cf7aa616c291cf) Importer(815301076,1909f56bfc062723c751e8b465ee728b)  -> (artifact id: 'c8c11423ac07bef3b2ca5f1f55b24f50') in 0.041097 seconds
  Import took 0.043377 seconds .

========================================================================
Received Import Request.
  Time since last request: 9.368889 seconds.
  path: Assets/Scripts/DataController.cs
  artifactKey: Guid(91ffa01805fe30d498192e0c5efb76ca) Importer(815301076,1909f56bfc062723c751e8b465ee728b)
Start importing Assets/Scripts/DataController.cs using Guid(91ffa01805fe30d498192e0c5efb76ca) Importer(815301076,1909f56bfc062723c751e8b465ee728b)  -> (artifact id: 'bb34e3385fc09383cd1d25660a57f078') in 0.003904 seconds
  Import took 0.006256 seconds .

========================================================================
Received Import Request.
  Time since last request: 0.004386 seconds.
  path: Assets/Scripts/DataController.cs
  artifactKey: Guid(91ffa01805fe30d498192e0c5efb76ca) Importer(815301076,1909f56bfc062723c751e8b465ee728b)
Start importing Assets/Scripts/DataController.cs using Guid(91ffa01805fe30d498192e0c5efb76ca) Importer(815301076,1909f56bfc062723c751e8b465ee728b)  -> (artifact id: 'bb34e3385fc09383cd1d25660a57f078') in 0.002933 seconds
  Import took 0.004954 seconds .

========================================================================
Received Import Request.
  Time since last request: 666.038075 seconds.
  path: Assets/Voice/Explain_Mercury2.mp3
  artifactKey: Guid(ab47886b262f97f4c999ec6ad64e8d88) Importer(815301076,1909f56bfc062723c751e8b465ee728b)
Start importing Assets/Voice/Explain_Mercury2.mp3 using Guid(ab47886b262f97f4c999ec6ad64e8d88) Importer(815301076,1909f56bfc062723c751e8b465ee728b)  -> (artifact id: 'cdf7c227542a443f0108f85cb53ab09a') in 0.073972 seconds
  Import took 0.076708 seconds .

========================================================================
Received Import Request.
  Time since last request: 0.000276 seconds.
  path: Assets/Voice/Explain_Uranus2.mp3
  artifactKey: Guid(9cd9350c54ef79c40ae663c5858ae8bc) Importer(815301076,1909f56bfc062723c751e8b465ee728b)
Start importing Assets/Voice/Explain_Uranus2.mp3 using Guid(9cd9350c54ef79c40ae663c5858ae8bc) Importer(815301076,1909f56bfc062723c751e8b465ee728b)  -> (artifact id: '369e1cd0e1b1e15df8f31464684fb256') in 0.011396 seconds
  Import took 0.013576 seconds .

========================================================================
Received Import Request.
  Time since last request: 0.000282 seconds.
  path: Assets/Voice/Explain_Saturn2.mp3
  artifactKey: Guid(a3793f3c5e038f642bbfc944128944a2) Importer(815301076,1909f56bfc062723c751e8b465ee728b)
Start importing Assets/Voice/Explain_Saturn2.mp3 using Guid(a3793f3c5e038f642bbfc944128944a2) Importer(815301076,1909f56bfc062723c751e8b465ee728b)  -> (artifact id: '5f7b8b60828a26f390c3ca0c0781b75a') in 0.009564 seconds
  Import took 0.012133 seconds .

========================================================================
Received Import Request.
  Time since last request: 5.595961 seconds.
  path: Assets/Voice/Explain_Mars2.mp3
  artifactKey: Guid(fee2f55b1cd34644fbb18f202b117e40) Importer(815301076,1909f56bfc062723c751e8b465ee728b)
Start importing Assets/Voice/Explain_Mars2.mp3 using Guid(fee2f55b1cd34644fbb18f202b117e40) Importer(815301076,1909f56bfc062723c751e8b465ee728b)  -> (artifact id: '3e748076001845967430c990e8406a3d') in 0.009130 seconds
  Import took 0.011488 seconds .

========================================================================
Received Import Request.
  Time since last request: 0.005326 seconds.
  path: Assets/Voice/Explain_Mars2.mp3
  artifactKey: Guid(fee2f55b1cd34644fbb18f202b117e40) Importer(815301076,1909f56bfc062723c751e8b465ee728b)
Start importing Assets/Voice/Explain_Mars2.mp3 using Guid(fee2f55b1cd34644fbb18f202b117e40) Importer(815301076,1909f56bfc062723c751e8b465ee728b)  -> (artifact id: '3e748076001845967430c990e8406a3d') in 0.008783 seconds
  Import took 0.010825 seconds .

========================================================================
Received Prepare
Registering precompiled user dll's ...
Registered in 0.001037 seconds.
Begin MonoManager ReloadAssembly
Native extension for WindowsStandalone target not found
Refreshing native plugins compatible for Editor in 0.33 ms, found 0 plugins.
Preloading 0 native plugins for Editor in 0.00 ms.
Invoked RoslynAnalysisRunner static constructor.
RoslynAnalysisRunner will not be running.
RoslynAnalysisRunner has terminated.
Mono: successfully reloaded assembly
- Completed reload, in  0.811 seconds
Platform modules already initialized, skipping
Refreshing native plugins compatible for Editor in 0.35 ms, found 0 plugins.
Preloading 0 native plugins for Editor in 0.00 ms.
Unloading 1486 Unused Serialized files (Serialized files now loaded: 0)
System memory in use before: 72.0 MB.
System memory in use after: 72.1 MB.

Unloading 8 unused Assets to reduce memory usage. Loaded Objects now: 1951.
Total: 1.583800 ms (FindLiveObjects: 0.150200 ms CreateObjectMapping: 0.035800 ms MarkObjects: 1.343700 ms  DeleteObjects: 0.053200 ms)

========================================================================
Received Import Request.
  Time since last request: 6510.609034 seconds.
  path: Assets/Images/Design/FinalIcon/Earth.png
  artifactKey: Guid(442d3c65d59316b45ba1b247a3a889be) Importer(815301076,1909f56bfc062723c751e8b465ee728b)
Start importing Assets/Images/Design/FinalIcon/Earth.png using Guid(442d3c65d59316b45ba1b247a3a889be) Importer(815301076,1909f56bfc062723c751e8b465ee728b)  -> (artifact id: '557db55d433235d394e5bf7bb683afb8') in 0.063479 seconds
  Import took 0.068081 seconds .

========================================================================
Received Import Request.
  Time since last request: 0.000280 seconds.
  path: Assets/Images/Design/FinalIcon/Venus.png
  artifactKey: Guid(c306eb01b8de24b488a3aedd9c6b07d0) Importer(815301076,1909f56bfc062723c751e8b465ee728b)
Start importing Assets/Images/Design/FinalIcon/Venus.png using Guid(c306eb01b8de24b488a3aedd9c6b07d0) Importer(815301076,1909f56bfc062723c751e8b465ee728b)  -> (artifact id: '1cceee12d827c2200650dcf39ae530ef') in 0.012566 seconds
  Import took 0.014946 seconds .

========================================================================
Received Import Request.
  Time since last request: 0.000266 seconds.
  path: Assets/Images/Design/FinalIcon/Mars.png
  artifactKey: Guid(2866cb6390bb85c4988074775bde777b) Importer(815301076,1909f56bfc062723c751e8b465ee728b)
Start importing Assets/Images/Design/FinalIcon/Mars.png using Guid(2866cb6390bb85c4988074775bde777b) Importer(815301076,1909f56bfc062723c751e8b465ee728b)  -> (artifact id: 'd3f7c00d8440b8029876c1af7a324975') in 0.013040 seconds
  Import took 0.015257 seconds .

========================================================================
Received Import Request.
  Time since last request: 0.000254 seconds.
  path: Assets/Images/Design/FinalIcon/Mercury 1.png
  artifactKey: Guid(2d2150116c9c04c4c8ca8fed476271d2) Importer(815301076,1909f56bfc062723c751e8b465ee728b)
Start importing Assets/Images/Design/FinalIcon/Mercury 1.png using Guid(2d2150116c9c04c4c8ca8fed476271d2) Importer(815301076,1909f56bfc062723c751e8b465ee728b)  -> (artifact id: 'c1fe15d67bf86ab360697aff721817f1') in 0.010933 seconds
  Import took 0.013085 seconds .

========================================================================
Received Import Request.
  Time since last request: 0.000263 seconds.
  path: Assets/Images/Design/FinalIcon/Sun.png
  artifactKey: Guid(833b15c7e215b72468671c73f7bee229) Importer(815301076,1909f56bfc062723c751e8b465ee728b)
Start importing Assets/Images/Design/FinalIcon/Sun.png using Guid(833b15c7e215b72468671c73f7bee229) Importer(815301076,1909f56bfc062723c751e8b465ee728b)  -> (artifact id: 'fa24f8020f6cc25f5c97d8363675f2c4') in 0.011148 seconds
  Import took 0.013330 seconds .

========================================================================
Received Import Request.
  Time since last request: 64.313306 seconds.
  path: Assets/ImageTarget/PlanetImage.asset
  artifactKey: Guid(d1f79506afda4ed4594a32be23650dcd) Importer(815301076,1909f56bfc062723c751e8b465ee728b)
Start importing Assets/ImageTarget/PlanetImage.asset using Guid(d1f79506afda4ed4594a32be23650dcd) Importer(815301076,1909f56bfc062723c751e8b465ee728b)  -> (artifact id: '3f1f6613e26aa8fb53048162ca178c14') in 0.028257 seconds
  Import took 0.030923 seconds .

========================================================================
Received Prepare
Refreshing native plugins compatible for Editor in 1.25 ms, found 0 plugins.
Preloading 0 native plugins for Editor in 0.00 ms.
Unloading 8 Unused Serialized files (Serialized files now loaded: 0)
System memory in use before: 42.4 MB.
System memory in use after: 42.4 MB.

Unloading 4 unused Assets to reduce memory usage. Loaded Objects now: 1953.
Total: 4.323000 ms (FindLiveObjects: 0.292100 ms CreateObjectMapping: 0.045700 ms MarkObjects: 3.903400 ms  DeleteObjects: 0.079500 ms)

========================================================================
Received Import Request.
  Time since last request: 3346.379136 seconds.
  path: Assets/Images/Design/FinalIcon/Jupiter.jpg
  artifactKey: Guid(e2593cfe083d83140bf00c7e40682f36) Importer(815301076,1909f56bfc062723c751e8b465ee728b)
Start importing Assets/Images/Design/FinalIcon/Jupiter.jpg using Guid(e2593cfe083d83140bf00c7e40682f36) Importer(815301076,1909f56bfc062723c751e8b465ee728b)  -> (artifact id: '66f4cbfd991760dc3a55549cdf64132f') in 0.031264 seconds
  Import took 0.035944 seconds .

========================================================================
Received Import Request.
  Time since last request: 0.000279 seconds.
  path: Assets/Images/Design/FinalIcon/Saturn.jpg
  artifactKey: Guid(23728a08f4226b74c9ffe49b1f76ed0b) Importer(815301076,1909f56bfc062723c751e8b465ee728b)
Start importing Assets/Images/Design/FinalIcon/Saturn.jpg using Guid(23728a08f4226b74c9ffe49b1f76ed0b) Importer(815301076,1909f56bfc062723c751e8b465ee728b)  -> (artifact id: '85a608b7cb03df7a0fdc2ec616177aa2') in 0.013400 seconds
  Import took 0.015846 seconds .

========================================================================
Received Import Request.
  Time since last request: 0.000312 seconds.
  path: Assets/Images/Design/FinalIcon/Venus.jpg
  artifactKey: Guid(5ce263a1ab1265a43ba36c4b1c34386a) Importer(815301076,1909f56bfc062723c751e8b465ee728b)
Start importing Assets/Images/Design/FinalIcon/Venus.jpg using Guid(5ce263a1ab1265a43ba36c4b1c34386a) Importer(815301076,1909f56bfc062723c751e8b465ee728b)  -> (artifact id: '043d11e1e9264f4a7fe3ed2a2622371d') in 0.013081 seconds
  Import took 0.015915 seconds .

========================================================================
Received Import Request.
  Time since last request: 0.000307 seconds.
  path: Assets/Images/Design/FinalIcon/Mercury.png
  artifactKey: Guid(a032f2f29a04162478f38d36c21d18df) Importer(815301076,1909f56bfc062723c751e8b465ee728b)
Start importing Assets/Images/Design/FinalIcon/Mercury.png using Guid(a032f2f29a04162478f38d36c21d18df) Importer(815301076,1909f56bfc062723c751e8b465ee728b)  -> (artifact id: '152d2a7c1edea9c05b8849e618155c14') in 0.011856 seconds
  Import took 0.014555 seconds .

========================================================================
Received Import Request.
  Time since last request: 0.000279 seconds.
  path: Assets/Images/Design/FinalIcon/Neptune.jpg
  artifactKey: Guid(82a1ad204b5f52d45b89be5b2052efd7) Importer(815301076,1909f56bfc062723c751e8b465ee728b)
Start importing Assets/Images/Design/FinalIcon/Neptune.jpg using Guid(82a1ad204b5f52d45b89be5b2052efd7) Importer(815301076,1909f56bfc062723c751e8b465ee728b)  -> (artifact id: '5485c62a336f9647c5b505353a06ca80') in 0.011097 seconds
  Import took 0.013638 seconds .

========================================================================
Received Import Request.
  Time since last request: 0.000245 seconds.
  path: Assets/Images/Design/FinalIcon/Mars.jpg
  artifactKey: Guid(bb297b247cb8e5e41b5793ec81a850ae) Importer(815301076,1909f56bfc062723c751e8b465ee728b)
Start importing Assets/Images/Design/FinalIcon/Mars.jpg using Guid(bb297b247cb8e5e41b5793ec81a850ae) Importer(815301076,1909f56bfc062723c751e8b465ee728b)  -> (artifact id: 'ce73c94326cf4768eb3342631a58c1d9') in 0.011857 seconds
  Import took 0.014052 seconds .

========================================================================
Received Import Request.
  Time since last request: 0.000229 seconds.
  path: Assets/Images/Design/FinalIcon/Uranus.jpg
  artifactKey: Guid(8b0e877c19fa18c46957f0773245159a) Importer(815301076,1909f56bfc062723c751e8b465ee728b)
Start importing Assets/Images/Design/FinalIcon/Uranus.jpg using Guid(8b0e877c19fa18c46957f0773245159a) Importer(815301076,1909f56bfc062723c751e8b465ee728b)  -> (artifact id: '562dcdf6d43d314afdac0d4cbcb4674e') in 0.012736 seconds
  Import took 0.015086 seconds .

========================================================================
Received Prepare
Refreshing native plugins compatible for Editor in 2.21 ms, found 0 plugins.
Preloading 0 native plugins for Editor in 0.00 ms.
Unloading 4 Unused Serialized files (Serialized files now loaded: 0)
System memory in use before: 42.5 MB.
System memory in use after: 42.5 MB.

Unloading 4 unused Assets to reduce memory usage. Loaded Objects now: 1953.
Total: 3.855900 ms (FindLiveObjects: 0.207500 ms CreateObjectMapping: 0.037300 ms MarkObjects: 3.549000 ms  DeleteObjects: 0.061200 ms)

AssetImportWorkerClient::OnTransportError - code=2 error=End of file
